{"0":"N","1":"e","10":"y","2":"s","3":"t","4":"F","5":"a","6":"c","7":"t","8":"o","9":"r","context":"Bootstrap","level":"info","message":"Starting Nest application...","timestamp":"2025-04-18T22:42:40.743Z"}
{"0":"I","1":"n","10":"a","11":"d","12":"e","13":"r","2":"s","3":"t","4":"a","5":"n","6":"c","7":"e","8":"L","9":"o","context":"Bootstrap","level":"info","message":"CoreModule dependencies initialized","timestamp":"2025-04-18T22:42:40.743Z"}
{"0":"I","1":"n","10":"a","11":"d","12":"e","13":"r","2":"s","3":"t","4":"a","5":"n","6":"c","7":"e","8":"L","9":"o","context":"Bootstrap","level":"info","message":"ViewsModule dependencies initialized","timestamp":"2025-04-18T22:42:40.743Z"}
{"0":"I","1":"n","10":"a","11":"d","12":"e","13":"r","2":"s","3":"t","4":"a","5":"n","6":"c","7":"e","8":"L","9":"o","context":"Bootstrap","level":"info","message":"SecurityModule dependencies initialized","timestamp":"2025-04-18T22:42:40.744Z"}
{"0":"I","1":"n","10":"a","11":"d","12":"e","13":"r","2":"s","3":"t","4":"a","5":"n","6":"c","7":"e","8":"L","9":"o","context":"Bootstrap","level":"info","message":"HttpModule dependencies initialized","timestamp":"2025-04-18T22:42:40.744Z"}
{"0":"I","1":"n","10":"a","11":"d","12":"e","13":"r","2":"s","3":"t","4":"a","5":"n","6":"c","7":"e","8":"L","9":"o","context":"Bootstrap","level":"info","message":"ThrottlerModule dependencies initialized","timestamp":"2025-04-18T22:42:40.744Z"}
{"0":"I","1":"n","10":"a","11":"d","12":"e","13":"r","2":"s","3":"t","4":"a","5":"n","6":"c","7":"e","8":"L","9":"o","context":"Bootstrap","level":"info","message":"AppModule dependencies initialized","timestamp":"2025-04-18T22:42:40.744Z"}
{"0":"I","1":"n","10":"a","11":"d","12":"e","13":"r","2":"s","3":"t","4":"a","5":"n","6":"c","7":"e","8":"L","9":"o","context":"Bootstrap","level":"info","message":"ConfigHostModule dependencies initialized","timestamp":"2025-04-18T22:42:40.744Z"}
{"0":"I","1":"n","10":"a","11":"d","12":"e","13":"r","2":"s","3":"t","4":"a","5":"n","6":"c","7":"e","8":"L","9":"o","context":"Bootstrap","level":"info","message":"WinstonModule dependencies initialized","timestamp":"2025-04-18T22:42:40.744Z"}
{"0":"I","1":"n","10":"a","11":"d","12":"e","13":"r","2":"s","3":"t","4":"a","5":"n","6":"c","7":"e","8":"L","9":"o","context":"Bootstrap","level":"info","message":"LoggerModule dependencies initialized","timestamp":"2025-04-18T22:42:40.744Z"}
{"0":"I","1":"n","10":"a","11":"d","12":"e","13":"r","2":"s","3":"t","4":"a","5":"n","6":"c","7":"e","8":"L","9":"o","context":"Bootstrap","level":"info","message":"TerminusModule dependencies initialized","timestamp":"2025-04-18T22:42:40.745Z"}
{"0":"I","1":"n","10":"a","11":"d","12":"e","13":"r","2":"s","3":"t","4":"a","5":"n","6":"c","7":"e","8":"L","9":"o","context":"Bootstrap","level":"info","message":"ConfigModule dependencies initialized","timestamp":"2025-04-18T22:42:40.745Z"}
{"0":"I","1":"n","10":"a","11":"d","12":"e","13":"r","2":"s","3":"t","4":"a","5":"n","6":"c","7":"e","8":"L","9":"o","context":"Bootstrap","level":"info","message":"ConfigModule dependencies initialized","timestamp":"2025-04-18T22:42:40.745Z"}
{"0":"I","1":"n","10":"a","11":"d","12":"e","13":"r","2":"s","3":"t","4":"a","5":"n","6":"c","7":"e","8":"L","9":"o","context":"Bootstrap","level":"info","message":"SharedModule dependencies initialized","timestamp":"2025-04-18T22:42:40.745Z"}
{"0":"I","1":"n","10":"a","11":"d","12":"e","13":"r","2":"s","3":"t","4":"a","5":"n","6":"c","7":"e","8":"L","9":"o","context":"Bootstrap","level":"info","message":"CacheModule dependencies initialized","timestamp":"2025-04-18T22:42:40.745Z"}
{"0":"I","1":"n","10":"a","11":"d","12":"e","13":"r","2":"s","3":"t","4":"a","5":"n","6":"c","7":"e","8":"L","9":"o","context":"Bootstrap","level":"info","message":"AppCacheModule dependencies initialized","timestamp":"2025-04-18T22:42:40.745Z"}
{"0":"R","1":"o","10":"l","11":"v","12":"e","13":"r","2":"u","3":"t","4":"e","5":"s","6":"R","7":"e","8":"s","9":"o","context":"Bootstrap","level":"info","message":"AppController {/}:","timestamp":"2025-04-18T22:42:40.745Z"}
{"0":"R","1":"o","10":"o","11":"r","12":"e","13":"r","2":"u","3":"t","4":"e","5":"r","6":"E","7":"x","8":"p","9":"l","context":"Bootstrap","level":"info","message":"Mapped {/, GET} route","timestamp":"2025-04-18T22:42:40.745Z"}
{"0":"R","1":"o","10":"l","11":"v","12":"e","13":"r","2":"u","3":"t","4":"e","5":"s","6":"R","7":"e","8":"s","9":"o","context":"Bootstrap","level":"info","message":"ViewsController {/}:","timestamp":"2025-04-18T22:42:40.745Z"}
{"0":"R","1":"o","10":"o","11":"r","12":"e","13":"r","2":"u","3":"t","4":"e","5":"r","6":"E","7":"x","8":"p","9":"l","context":"Bootstrap","level":"info","message":"Mapped {/, GET} route","timestamp":"2025-04-18T22:42:40.745Z"}
{"0":"R","1":"o","10":"o","11":"r","12":"e","13":"r","2":"u","3":"t","4":"e","5":"r","6":"E","7":"x","8":"p","9":"l","context":"Bootstrap","level":"info","message":"Mapped {/second-page, GET} route","timestamp":"2025-04-18T22:42:40.745Z"}
{"0":"R","1":"o","10":"o","11":"r","12":"e","13":"r","2":"u","3":"t","4":"e","5":"r","6":"E","7":"x","8":"p","9":"l","context":"Bootstrap","level":"info","message":"Mapped {/third-page, GET} route","timestamp":"2025-04-18T22:42:40.745Z"}
{"0":"R","1":"o","10":"o","11":"r","12":"e","13":"r","2":"u","3":"t","4":"e","5":"r","6":"E","7":"x","8":"p","9":"l","context":"Bootstrap","level":"info","message":"Mapped {/form-components, GET} route","timestamp":"2025-04-18T22:42:40.745Z"}
{"0":"R","1":"o","10":"o","11":"r","12":"e","13":"r","2":"u","3":"t","4":"e","5":"r","6":"E","7":"x","8":"p","9":"l","context":"Bootstrap","level":"info","message":"Mapped {/layout-components, GET} route","timestamp":"2025-04-18T22:42:40.745Z"}
{"0":"R","1":"o","10":"o","11":"r","12":"e","13":"r","2":"u","3":"t","4":"e","5":"r","6":"E","7":"x","8":"p","9":"l","context":"Bootstrap","level":"info","message":"Mapped {/feedback-components, GET} route","timestamp":"2025-04-18T22:42:40.745Z"}
{"0":"R","1":"o","10":"o","11":"r","12":"e","13":"r","2":"u","3":"t","4":"e","5":"r","6":"E","7":"x","8":"p","9":"l","context":"Bootstrap","level":"info","message":"Mapped {/missing-components, GET} route","timestamp":"2025-04-18T22:42:40.745Z"}
{"0":"R","1":"o","10":"l","11":"v","12":"e","13":"r","2":"u","3":"t","4":"e","5":"s","6":"R","7":"e","8":"s","9":"o","context":"Bootstrap","level":"info","message":"HealthController {/health}:","timestamp":"2025-04-18T22:42:40.745Z"}
{"0":"R","1":"o","10":"o","11":"r","12":"e","13":"r","2":"u","3":"t","4":"e","5":"r","6":"E","7":"x","8":"p","9":"l","context":"Bootstrap","level":"info","message":"Mapped {/health, GET} route","timestamp":"2025-04-18T22:42:40.745Z"}
{"0":"R","1":"o","10":"o","11":"r","12":"e","13":"r","2":"u","3":"t","4":"e","5":"r","6":"E","7":"x","8":"p","9":"l","context":"Bootstrap","level":"info","message":"Mapped {/health/detailed, GET} route","timestamp":"2025-04-18T22:42:40.745Z"}
{"0":"N","1":"e","10":"a","11":"t","12":"i","13":"o","14":"n","2":"s","3":"t","4":"A","5":"p","6":"p","7":"l","8":"i","9":"c","context":"Bootstrap","level":"info","message":"Nest application successfully started","timestamp":"2025-04-18T22:42:40.745Z"}
{"context":"Bootstrap","level":"info","message":"Application is running on: http://localhost:3000","timestamp":"2025-04-18T22:42:40.746Z"}
{"0":"N","1":"e","10":"y","2":"s","3":"t","4":"F","5":"a","6":"c","7":"t","8":"o","9":"r","context":"Bootstrap","level":"info","message":"Starting Nest application...","timestamp":"2025-04-18T22:43:00.610Z"}
{"0":"I","1":"n","10":"a","11":"d","12":"e","13":"r","2":"s","3":"t","4":"a","5":"n","6":"c","7":"e","8":"L","9":"o","context":"Bootstrap","level":"info","message":"CoreModule dependencies initialized","timestamp":"2025-04-18T22:43:00.610Z"}
{"0":"I","1":"n","10":"a","11":"d","12":"e","13":"r","2":"s","3":"t","4":"a","5":"n","6":"c","7":"e","8":"L","9":"o","context":"Bootstrap","level":"info","message":"ViewsModule dependencies initialized","timestamp":"2025-04-18T22:43:00.610Z"}
{"0":"I","1":"n","10":"a","11":"d","12":"e","13":"r","2":"s","3":"t","4":"a","5":"n","6":"c","7":"e","8":"L","9":"o","context":"Bootstrap","level":"info","message":"SecurityModule dependencies initialized","timestamp":"2025-04-18T22:43:00.611Z"}
{"0":"I","1":"n","10":"a","11":"d","12":"e","13":"r","2":"s","3":"t","4":"a","5":"n","6":"c","7":"e","8":"L","9":"o","context":"Bootstrap","level":"info","message":"HttpModule dependencies initialized","timestamp":"2025-04-18T22:43:00.611Z"}
{"0":"I","1":"n","10":"a","11":"d","12":"e","13":"r","2":"s","3":"t","4":"a","5":"n","6":"c","7":"e","8":"L","9":"o","context":"Bootstrap","level":"info","message":"ThrottlerModule dependencies initialized","timestamp":"2025-04-18T22:43:00.611Z"}
{"0":"I","1":"n","10":"a","11":"d","12":"e","13":"r","2":"s","3":"t","4":"a","5":"n","6":"c","7":"e","8":"L","9":"o","context":"Bootstrap","level":"info","message":"AppModule dependencies initialized","timestamp":"2025-04-18T22:43:00.611Z"}
{"0":"I","1":"n","10":"a","11":"d","12":"e","13":"r","2":"s","3":"t","4":"a","5":"n","6":"c","7":"e","8":"L","9":"o","context":"Bootstrap","level":"info","message":"ConfigHostModule dependencies initialized","timestamp":"2025-04-18T22:43:00.611Z"}
{"0":"I","1":"n","10":"a","11":"d","12":"e","13":"r","2":"s","3":"t","4":"a","5":"n","6":"c","7":"e","8":"L","9":"o","context":"Bootstrap","level":"info","message":"WinstonModule dependencies initialized","timestamp":"2025-04-18T22:43:00.611Z"}
{"0":"I","1":"n","10":"a","11":"d","12":"e","13":"r","2":"s","3":"t","4":"a","5":"n","6":"c","7":"e","8":"L","9":"o","context":"Bootstrap","level":"info","message":"LoggerModule dependencies initialized","timestamp":"2025-04-18T22:43:00.612Z"}
{"0":"I","1":"n","10":"a","11":"d","12":"e","13":"r","2":"s","3":"t","4":"a","5":"n","6":"c","7":"e","8":"L","9":"o","context":"Bootstrap","level":"info","message":"TerminusModule dependencies initialized","timestamp":"2025-04-18T22:43:00.612Z"}
{"0":"I","1":"n","10":"a","11":"d","12":"e","13":"r","2":"s","3":"t","4":"a","5":"n","6":"c","7":"e","8":"L","9":"o","context":"Bootstrap","level":"info","message":"ConfigModule dependencies initialized","timestamp":"2025-04-18T22:43:00.612Z"}
{"0":"I","1":"n","10":"a","11":"d","12":"e","13":"r","2":"s","3":"t","4":"a","5":"n","6":"c","7":"e","8":"L","9":"o","context":"Bootstrap","level":"info","message":"ConfigModule dependencies initialized","timestamp":"2025-04-18T22:43:00.612Z"}
{"0":"I","1":"n","10":"a","11":"d","12":"e","13":"r","2":"s","3":"t","4":"a","5":"n","6":"c","7":"e","8":"L","9":"o","context":"Bootstrap","level":"info","message":"SharedModule dependencies initialized","timestamp":"2025-04-18T22:43:00.612Z"}
{"0":"I","1":"n","10":"a","11":"d","12":"e","13":"r","2":"s","3":"t","4":"a","5":"n","6":"c","7":"e","8":"L","9":"o","context":"Bootstrap","level":"info","message":"CacheModule dependencies initialized","timestamp":"2025-04-18T22:43:00.612Z"}
{"0":"I","1":"n","10":"a","11":"d","12":"e","13":"r","2":"s","3":"t","4":"a","5":"n","6":"c","7":"e","8":"L","9":"o","context":"Bootstrap","level":"info","message":"AppCacheModule dependencies initialized","timestamp":"2025-04-18T22:43:00.612Z"}
{"0":"R","1":"o","10":"l","11":"v","12":"e","13":"r","2":"u","3":"t","4":"e","5":"s","6":"R","7":"e","8":"s","9":"o","context":"Bootstrap","level":"info","message":"AppController {/}:","timestamp":"2025-04-18T22:43:00.612Z"}
{"0":"R","1":"o","10":"o","11":"r","12":"e","13":"r","2":"u","3":"t","4":"e","5":"r","6":"E","7":"x","8":"p","9":"l","context":"Bootstrap","level":"info","message":"Mapped {/, GET} route","timestamp":"2025-04-18T22:43:00.612Z"}
{"0":"R","1":"o","10":"l","11":"v","12":"e","13":"r","2":"u","3":"t","4":"e","5":"s","6":"R","7":"e","8":"s","9":"o","context":"Bootstrap","level":"info","message":"ViewsController {/}:","timestamp":"2025-04-18T22:43:00.612Z"}
{"0":"R","1":"o","10":"o","11":"r","12":"e","13":"r","2":"u","3":"t","4":"e","5":"r","6":"E","7":"x","8":"p","9":"l","context":"Bootstrap","level":"info","message":"Mapped {/, GET} route","timestamp":"2025-04-18T22:43:00.612Z"}
{"0":"R","1":"o","10":"o","11":"r","12":"e","13":"r","2":"u","3":"t","4":"e","5":"r","6":"E","7":"x","8":"p","9":"l","context":"Bootstrap","level":"info","message":"Mapped {/second-page, GET} route","timestamp":"2025-04-18T22:43:00.612Z"}
{"0":"R","1":"o","10":"o","11":"r","12":"e","13":"r","2":"u","3":"t","4":"e","5":"r","6":"E","7":"x","8":"p","9":"l","context":"Bootstrap","level":"info","message":"Mapped {/third-page, GET} route","timestamp":"2025-04-18T22:43:00.612Z"}
{"0":"R","1":"o","10":"o","11":"r","12":"e","13":"r","2":"u","3":"t","4":"e","5":"r","6":"E","7":"x","8":"p","9":"l","context":"Bootstrap","level":"info","message":"Mapped {/form-components, GET} route","timestamp":"2025-04-18T22:43:00.612Z"}
{"0":"R","1":"o","10":"o","11":"r","12":"e","13":"r","2":"u","3":"t","4":"e","5":"r","6":"E","7":"x","8":"p","9":"l","context":"Bootstrap","level":"info","message":"Mapped {/layout-components, GET} route","timestamp":"2025-04-18T22:43:00.612Z"}
{"0":"R","1":"o","10":"o","11":"r","12":"e","13":"r","2":"u","3":"t","4":"e","5":"r","6":"E","7":"x","8":"p","9":"l","context":"Bootstrap","level":"info","message":"Mapped {/feedback-components, GET} route","timestamp":"2025-04-18T22:43:00.612Z"}
{"0":"R","1":"o","10":"o","11":"r","12":"e","13":"r","2":"u","3":"t","4":"e","5":"r","6":"E","7":"x","8":"p","9":"l","context":"Bootstrap","level":"info","message":"Mapped {/missing-components, GET} route","timestamp":"2025-04-18T22:43:00.612Z"}
{"0":"R","1":"o","10":"l","11":"v","12":"e","13":"r","2":"u","3":"t","4":"e","5":"s","6":"R","7":"e","8":"s","9":"o","context":"Bootstrap","level":"info","message":"HealthController {/health}:","timestamp":"2025-04-18T22:43:00.612Z"}
{"0":"R","1":"o","10":"o","11":"r","12":"e","13":"r","2":"u","3":"t","4":"e","5":"r","6":"E","7":"x","8":"p","9":"l","context":"Bootstrap","level":"info","message":"Mapped {/health, GET} route","timestamp":"2025-04-18T22:43:00.612Z"}
{"0":"R","1":"o","10":"o","11":"r","12":"e","13":"r","2":"u","3":"t","4":"e","5":"r","6":"E","7":"x","8":"p","9":"l","context":"Bootstrap","level":"info","message":"Mapped {/health/detailed, GET} route","timestamp":"2025-04-18T22:43:00.612Z"}
{"0":"N","1":"e","10":"a","11":"t","12":"i","13":"o","14":"n","2":"s","3":"t","4":"A","5":"p","6":"p","7":"l","8":"i","9":"c","context":"Bootstrap","level":"info","message":"Nest application successfully started","timestamp":"2025-04-18T22:43:00.613Z"}
{"context":"Bootstrap","level":"info","message":"Application is running on: http://localhost:3000","timestamp":"2025-04-18T22:43:00.613Z"}
{"0":"N","1":"e","10":"y","2":"s","3":"t","4":"F","5":"a","6":"c","7":"t","8":"o","9":"r","context":"Bootstrap","level":"info","message":"Starting Nest application...","timestamp":"2025-04-18T22:48:28.797Z"}
{"0":"I","1":"n","10":"a","11":"d","12":"e","13":"r","2":"s","3":"t","4":"a","5":"n","6":"c","7":"e","8":"L","9":"o","context":"Bootstrap","level":"info","message":"CoreModule dependencies initialized","timestamp":"2025-04-18T22:48:28.797Z"}
{"0":"I","1":"n","10":"a","11":"d","12":"e","13":"r","2":"s","3":"t","4":"a","5":"n","6":"c","7":"e","8":"L","9":"o","context":"Bootstrap","level":"info","message":"ViewsModule dependencies initialized","timestamp":"2025-04-18T22:48:28.797Z"}
{"0":"I","1":"n","10":"a","11":"d","12":"e","13":"r","2":"s","3":"t","4":"a","5":"n","6":"c","7":"e","8":"L","9":"o","context":"Bootstrap","level":"info","message":"SecurityModule dependencies initialized","timestamp":"2025-04-18T22:48:28.797Z"}
{"0":"I","1":"n","10":"a","11":"d","12":"e","13":"r","2":"s","3":"t","4":"a","5":"n","6":"c","7":"e","8":"L","9":"o","context":"Bootstrap","level":"info","message":"HttpModule dependencies initialized","timestamp":"2025-04-18T22:48:28.798Z"}
{"0":"I","1":"n","10":"a","11":"d","12":"e","13":"r","2":"s","3":"t","4":"a","5":"n","6":"c","7":"e","8":"L","9":"o","context":"Bootstrap","level":"info","message":"ThrottlerModule dependencies initialized","timestamp":"2025-04-18T22:48:28.798Z"}
{"0":"I","1":"n","10":"a","11":"d","12":"e","13":"r","2":"s","3":"t","4":"a","5":"n","6":"c","7":"e","8":"L","9":"o","context":"Bootstrap","level":"info","message":"AppModule dependencies initialized","timestamp":"2025-04-18T22:48:28.798Z"}
{"0":"I","1":"n","10":"a","11":"d","12":"e","13":"r","2":"s","3":"t","4":"a","5":"n","6":"c","7":"e","8":"L","9":"o","context":"Bootstrap","level":"info","message":"ConfigHostModule dependencies initialized","timestamp":"2025-04-18T22:48:28.798Z"}
{"0":"I","1":"n","10":"a","11":"d","12":"e","13":"r","2":"s","3":"t","4":"a","5":"n","6":"c","7":"e","8":"L","9":"o","context":"Bootstrap","level":"info","message":"WinstonModule dependencies initialized","timestamp":"2025-04-18T22:48:28.798Z"}
{"0":"I","1":"n","10":"a","11":"d","12":"e","13":"r","2":"s","3":"t","4":"a","5":"n","6":"c","7":"e","8":"L","9":"o","context":"Bootstrap","level":"info","message":"LoggerModule dependencies initialized","timestamp":"2025-04-18T22:48:28.798Z"}
{"0":"I","1":"n","10":"a","11":"d","12":"e","13":"r","2":"s","3":"t","4":"a","5":"n","6":"c","7":"e","8":"L","9":"o","context":"Bootstrap","level":"info","message":"TerminusModule dependencies initialized","timestamp":"2025-04-18T22:48:28.799Z"}
{"0":"I","1":"n","10":"a","11":"d","12":"e","13":"r","2":"s","3":"t","4":"a","5":"n","6":"c","7":"e","8":"L","9":"o","context":"Bootstrap","level":"info","message":"ConfigModule dependencies initialized","timestamp":"2025-04-18T22:48:28.799Z"}
{"0":"I","1":"n","10":"a","11":"d","12":"e","13":"r","2":"s","3":"t","4":"a","5":"n","6":"c","7":"e","8":"L","9":"o","context":"Bootstrap","level":"info","message":"ConfigModule dependencies initialized","timestamp":"2025-04-18T22:48:28.799Z"}
{"0":"I","1":"n","10":"a","11":"d","12":"e","13":"r","2":"s","3":"t","4":"a","5":"n","6":"c","7":"e","8":"L","9":"o","context":"Bootstrap","level":"info","message":"SharedModule dependencies initialized","timestamp":"2025-04-18T22:48:28.799Z"}
{"0":"I","1":"n","10":"a","11":"d","12":"e","13":"r","2":"s","3":"t","4":"a","5":"n","6":"c","7":"e","8":"L","9":"o","context":"Bootstrap","level":"info","message":"CacheModule dependencies initialized","timestamp":"2025-04-18T22:48:28.799Z"}
{"0":"I","1":"n","10":"a","11":"d","12":"e","13":"r","2":"s","3":"t","4":"a","5":"n","6":"c","7":"e","8":"L","9":"o","context":"Bootstrap","level":"info","message":"AppCacheModule dependencies initialized","timestamp":"2025-04-18T22:48:28.799Z"}
{"0":"R","1":"o","10":"l","11":"v","12":"e","13":"r","2":"u","3":"t","4":"e","5":"s","6":"R","7":"e","8":"s","9":"o","context":"Bootstrap","level":"info","message":"AppController {/}:","timestamp":"2025-04-18T22:48:28.799Z"}
{"0":"R","1":"o","10":"o","11":"r","12":"e","13":"r","2":"u","3":"t","4":"e","5":"r","6":"E","7":"x","8":"p","9":"l","context":"Bootstrap","level":"info","message":"Mapped {/, GET} route","timestamp":"2025-04-18T22:48:28.799Z"}
{"0":"R","1":"o","10":"l","11":"v","12":"e","13":"r","2":"u","3":"t","4":"e","5":"s","6":"R","7":"e","8":"s","9":"o","context":"Bootstrap","level":"info","message":"ViewsController {/}:","timestamp":"2025-04-18T22:48:28.799Z"}
{"0":"R","1":"o","10":"o","11":"r","12":"e","13":"r","2":"u","3":"t","4":"e","5":"r","6":"E","7":"x","8":"p","9":"l","context":"Bootstrap","level":"info","message":"Mapped {/, GET} route","timestamp":"2025-04-18T22:48:28.799Z"}
{"0":"R","1":"o","10":"o","11":"r","12":"e","13":"r","2":"u","3":"t","4":"e","5":"r","6":"E","7":"x","8":"p","9":"l","context":"Bootstrap","level":"info","message":"Mapped {/second-page, GET} route","timestamp":"2025-04-18T22:48:28.799Z"}
{"0":"R","1":"o","10":"o","11":"r","12":"e","13":"r","2":"u","3":"t","4":"e","5":"r","6":"E","7":"x","8":"p","9":"l","context":"Bootstrap","level":"info","message":"Mapped {/third-page, GET} route","timestamp":"2025-04-18T22:48:28.799Z"}
{"0":"R","1":"o","10":"o","11":"r","12":"e","13":"r","2":"u","3":"t","4":"e","5":"r","6":"E","7":"x","8":"p","9":"l","context":"Bootstrap","level":"info","message":"Mapped {/form-components, GET} route","timestamp":"2025-04-18T22:48:28.799Z"}
{"0":"R","1":"o","10":"o","11":"r","12":"e","13":"r","2":"u","3":"t","4":"e","5":"r","6":"E","7":"x","8":"p","9":"l","context":"Bootstrap","level":"info","message":"Mapped {/layout-components, GET} route","timestamp":"2025-04-18T22:48:28.799Z"}
{"0":"R","1":"o","10":"o","11":"r","12":"e","13":"r","2":"u","3":"t","4":"e","5":"r","6":"E","7":"x","8":"p","9":"l","context":"Bootstrap","level":"info","message":"Mapped {/feedback-components, GET} route","timestamp":"2025-04-18T22:48:28.799Z"}
{"0":"R","1":"o","10":"o","11":"r","12":"e","13":"r","2":"u","3":"t","4":"e","5":"r","6":"E","7":"x","8":"p","9":"l","context":"Bootstrap","level":"info","message":"Mapped {/missing-components, GET} route","timestamp":"2025-04-18T22:48:28.799Z"}
{"0":"R","1":"o","10":"l","11":"v","12":"e","13":"r","2":"u","3":"t","4":"e","5":"s","6":"R","7":"e","8":"s","9":"o","context":"Bootstrap","level":"info","message":"HealthController {/health}:","timestamp":"2025-04-18T22:48:28.799Z"}
{"0":"R","1":"o","10":"o","11":"r","12":"e","13":"r","2":"u","3":"t","4":"e","5":"r","6":"E","7":"x","8":"p","9":"l","context":"Bootstrap","level":"info","message":"Mapped {/health, GET} route","timestamp":"2025-04-18T22:48:28.799Z"}
{"0":"R","1":"o","10":"o","11":"r","12":"e","13":"r","2":"u","3":"t","4":"e","5":"r","6":"E","7":"x","8":"p","9":"l","context":"Bootstrap","level":"info","message":"Mapped {/health/detailed, GET} route","timestamp":"2025-04-18T22:48:28.799Z"}
{"0":"N","1":"e","10":"a","11":"t","12":"i","13":"o","14":"n","2":"s","3":"t","4":"A","5":"p","6":"p","7":"l","8":"i","9":"c","context":"Bootstrap","level":"info","message":"Nest application successfully started","timestamp":"2025-04-18T22:48:28.799Z"}
{"context":"Bootstrap","level":"info","message":"Application is running on: http://localhost:3000","timestamp":"2025-04-18T22:48:28.800Z"}
{"0":"L","1":"o","10":"l","11":"e","12":"w","13":"a","14":"r","15":"e","2":"g","3":"g","4":"e","5":"r","6":"M","7":"i","8":"d","9":"d","context":"Bootstrap","level":"info","message":"GET / - ::ffff:127.0.0.1 - Mozilla/5.0 (Macintosh; Intel Mac OS X 10.15; rv:137.0) Gecko/20100101 Firefox/137.0","timestamp":"2025-04-18T22:48:37.085Z"}
{"0":"L","1":"o","10":"l","11":"e","12":"w","13":"a","14":"r","15":"e","2":"g","3":"g","4":"e","5":"r","6":"M","7":"i","8":"d","9":"d","context":"Bootstrap","level":"info","message":"GET / 200 40ms - 0b","timestamp":"2025-04-18T22:48:37.126Z"}
